Info: *******************************************************************
Info: Running Quartus Prime Analysis & Synthesis
    Info: Version 20.1.1 Build 720 11/11/2020 SJ Standard Edition
    Info: Copyright (C) 2020  Intel Corporation. All rights reserved.
    Info: Your use of Intel Corporation's design tools, logic functions 
    Info: and other software and tools, and any partner logic 
    Info: functions, and any output files from any of the foregoing 
    Info: (including device programming or simulation files), and any 
    Info: associated documentation or information are expressly subject 
    Info: to the terms and conditions of the Intel Program License 
    Info: Subscription Agreement, the Intel Quartus Prime License Agreement,
    Info: the Intel FPGA IP License Agreement, or other applicable license
    Info: agreement, including, without limitation, that your use is for
    Info: the sole purpose of programming logic devices manufactured by
    Info: Intel and sold by Intel or its authorized distributors.  Please
    Info: refer to the applicable agreement for further details, at
    Info: https://fpgasoftware.intel.com/eula.
    Info: Processing started: Tue Apr 14 16:12:28 2026
Info: Command: quartus_map --read_settings_files=on --write_settings_files=off toolflow -c toolflow
Info (16303): Aggressive Performance optimization mode selected -- timing performance will be prioritized at the potential cost of increased logic area and compilation time
Warning (18236): Number of processors has not been specified which may cause overloading on shared machines.  Set the global assignment NUM_PARALLEL_PROCESSORS in your QSF to an appropriate value for best performance.
Info (20030): Parallel compilation is enabled and will use 4 of the 4 processors detected
Info (12021): Found 2 design units, including 1 entities, in source file /home/umhaihl/cpre_381/Labs/lab3/software-pipelined/proj/src/ALU/ALU.vhd
    Info (12022): Found design unit 1: ALU-structural File: /home/umhaihl/cpre_381/Labs/lab3/software-pipelined/proj/src/ALU/ALU.vhd Line: 27
    Info (12023): Found entity 1: ALU File: /home/umhaihl/cpre_381/Labs/lab3/software-pipelined/proj/src/ALU/ALU.vhd Line: 11
Info (12021): Found 2 design units, including 1 entities, in source file /home/umhaihl/cpre_381/Labs/lab3/software-pipelined/proj/src/ALU/AND_unit/AND_unit.vhd
    Info (12022): Found design unit 1: AND_unit-structural File: /home/umhaihl/cpre_381/Labs/lab3/software-pipelined/proj/src/ALU/AND_unit/AND_unit.vhd Line: 16
    Info (12023): Found entity 1: AND_unit File: /home/umhaihl/cpre_381/Labs/lab3/software-pipelined/proj/src/ALU/AND_unit/AND_unit.vhd Line: 9
Info (12021): Found 2 design units, including 1 entities, in source file /home/umhaihl/cpre_381/Labs/lab3/software-pipelined/proj/src/ALU/AddSub_immediate/AddSub/AddSub.vhd
    Info (12022): Found design unit 1: Adder_Subtractor-structural File: /home/umhaihl/cpre_381/Labs/lab3/software-pipelined/proj/src/ALU/AddSub_immediate/AddSub/AddSub.vhd Line: 17
    Info (12023): Found entity 1: Adder_Subtractor File: /home/umhaihl/cpre_381/Labs/lab3/software-pipelined/proj/src/ALU/AddSub_immediate/AddSub/AddSub.vhd Line: 7
Info (12021): Found 2 design units, including 1 entities, in source file /home/umhaihl/cpre_381/Labs/lab3/software-pipelined/proj/src/ALU/AddSub_immediate/AddSub/Adder/full_adder.vhd
    Info (12022): Found design unit 1: full_adder-structural File: /home/umhaihl/cpre_381/Labs/lab3/software-pipelined/proj/src/ALU/AddSub_immediate/AddSub/Adder/full_adder.vhd Line: 16
    Info (12023): Found entity 1: full_adder File: /home/umhaihl/cpre_381/Labs/lab3/software-pipelined/proj/src/ALU/AddSub_immediate/AddSub/Adder/full_adder.vhd Line: 8
Info (12021): Found 2 design units, including 1 entities, in source file /home/umhaihl/cpre_381/Labs/lab3/software-pipelined/proj/src/ALU/AddSub_immediate/AddSub/Adder/ripple_carry_N_bit_adder.vhd
    Info (12022): Found design unit 1: ripple_carry_N_bit_adder-structural File: /home/umhaihl/cpre_381/Labs/lab3/software-pipelined/proj/src/ALU/AddSub_immediate/AddSub/Adder/ripple_carry_N_bit_adder.vhd Line: 17
    Info (12023): Found entity 1: ripple_carry_N_bit_adder File: /home/umhaihl/cpre_381/Labs/lab3/software-pipelined/proj/src/ALU/AddSub_immediate/AddSub/Adder/ripple_carry_N_bit_adder.vhd Line: 7
Info (12021): Found 2 design units, including 1 entities, in source file /home/umhaihl/cpre_381/Labs/lab3/software-pipelined/proj/src/ALU/AddSub_immediate/AddSub/Adder/three_input_or.vhd
    Info (12022): Found design unit 1: three_input_or-structural File: /home/umhaihl/cpre_381/Labs/lab3/software-pipelined/proj/src/ALU/AddSub_immediate/AddSub/Adder/three_input_or.vhd Line: 15
    Info (12023): Found entity 1: three_input_or File: /home/umhaihl/cpre_381/Labs/lab3/software-pipelined/proj/src/ALU/AddSub_immediate/AddSub/Adder/three_input_or.vhd Line: 8
Info (12021): Found 2 design units, including 1 entities, in source file /home/umhaihl/cpre_381/Labs/lab3/software-pipelined/proj/src/ALU/AddSub_immediate/AddSub/Adder/three_input_xor.vhd
    Info (12022): Found design unit 1: three_input_xor-structural File: /home/umhaihl/cpre_381/Labs/lab3/software-pipelined/proj/src/ALU/AddSub_immediate/AddSub/Adder/three_input_xor.vhd Line: 15
    Info (12023): Found entity 1: three_input_xor File: /home/umhaihl/cpre_381/Labs/lab3/software-pipelined/proj/src/ALU/AddSub_immediate/AddSub/Adder/three_input_xor.vhd Line: 8
Info (12021): Found 2 design units, including 1 entities, in source file /home/umhaihl/cpre_381/Labs/lab3/software-pipelined/proj/src/ALU/AddSub_immediate/AddSub/Adder/two_input_and.vhd
    Info (12022): Found design unit 1: two_input_and-dataflow File: /home/umhaihl/cpre_381/Labs/lab3/software-pipelined/proj/src/ALU/AddSub_immediate/AddSub/Adder/two_input_and.vhd Line: 15
    Info (12023): Found entity 1: two_input_and File: /home/umhaihl/cpre_381/Labs/lab3/software-pipelined/proj/src/ALU/AddSub_immediate/AddSub/Adder/two_input_and.vhd Line: 9
Info (12021): Found 2 design units, including 1 entities, in source file /home/umhaihl/cpre_381/Labs/lab3/software-pipelined/proj/src/ALU/AddSub_immediate/AddSub/Adder/two_input_or.vhd
    Info (12022): Found design unit 1: two_input_or-dataflow File: /home/umhaihl/cpre_381/Labs/lab3/software-pipelined/proj/src/ALU/AddSub_immediate/AddSub/Adder/two_input_or.vhd Line: 14
    Info (12023): Found entity 1: two_input_or File: /home/umhaihl/cpre_381/Labs/lab3/software-pipelined/proj/src/ALU/AddSub_immediate/AddSub/Adder/two_input_or.vhd Line: 8
Info (12021): Found 2 design units, including 1 entities, in source file /home/umhaihl/cpre_381/Labs/lab3/software-pipelined/proj/src/ALU/AddSub_immediate/AddSub/Adder/two_input_xor.vhd
    Info (12022): Found design unit 1: two_input_xor-dataflow File: /home/umhaihl/cpre_381/Labs/lab3/software-pipelined/proj/src/ALU/AddSub_immediate/AddSub/Adder/two_input_xor.vhd Line: 15
    Info (12023): Found entity 1: two_input_xor File: /home/umhaihl/cpre_381/Labs/lab3/software-pipelined/proj/src/ALU/AddSub_immediate/AddSub/Adder/two_input_xor.vhd Line: 9
Info (12021): Found 2 design units, including 1 entities, in source file /home/umhaihl/cpre_381/Labs/lab3/software-pipelined/proj/src/ALU/AddSub_immediate/AddSub/OnesComp/not_gate.vhd
    Info (12022): Found design unit 1: not_gate-dataflow File: /home/umhaihl/cpre_381/Labs/lab3/software-pipelined/proj/src/ALU/AddSub_immediate/AddSub/OnesComp/not_gate.vhd Line: 12
    Info (12023): Found entity 1: not_gate File: /home/umhaihl/cpre_381/Labs/lab3/software-pipelined/proj/src/ALU/AddSub_immediate/AddSub/OnesComp/not_gate.vhd Line: 7
Info (12021): Found 2 design units, including 1 entities, in source file /home/umhaihl/cpre_381/Labs/lab3/software-pipelined/proj/src/ALU/AddSub_immediate/AddSub/OnesComp/ones_complimentor.vhd
    Info (12022): Found design unit 1: ones_complimentor-structural File: /home/umhaihl/cpre_381/Labs/lab3/software-pipelined/proj/src/ALU/AddSub_immediate/AddSub/OnesComp/ones_complimentor.vhd Line: 15
    Info (12023): Found entity 1: ones_complimentor File: /home/umhaihl/cpre_381/Labs/lab3/software-pipelined/proj/src/ALU/AddSub_immediate/AddSub/OnesComp/ones_complimentor.vhd Line: 8
Info (12021): Found 2 design units, including 1 entities, in source file /home/umhaihl/cpre_381/Labs/lab3/software-pipelined/proj/src/ALU/AddSub_immediate/AddSub_immediate.vhd
    Info (12022): Found design unit 1: Adder_Subtractor_immediate-structural File: /home/umhaihl/cpre_381/Labs/lab3/software-pipelined/proj/src/ALU/AddSub_immediate/AddSub_immediate.vhd Line: 20
    Info (12023): Found entity 1: Adder_Subtractor_immediate File: /home/umhaihl/cpre_381/Labs/lab3/software-pipelined/proj/src/ALU/AddSub_immediate/AddSub_immediate.vhd Line: 10
Info (12021): Found 2 design units, including 1 entities, in source file /home/umhaihl/cpre_381/Labs/lab3/software-pipelined/proj/src/ALU/Bus_Mux_32bit_16_to_1/Bus_Mux_32bit_16_to_1.vhd
    Info (12022): Found design unit 1: Bus_32_bit_Mux_16_to_1-structural File: /home/umhaihl/cpre_381/Labs/lab3/software-pipelined/proj/src/ALU/Bus_Mux_32bit_16_to_1/Bus_Mux_32bit_16_to_1.vhd Line: 18
    Info (12023): Found entity 1: Bus_32_bit_Mux_16_to_1 File: /home/umhaihl/cpre_381/Labs/lab3/software-pipelined/proj/src/ALU/Bus_Mux_32bit_16_to_1/Bus_Mux_32bit_16_to_1.vhd Line: 10
Info (12021): Found 2 design units, including 1 entities, in source file /home/umhaihl/cpre_381/Labs/lab3/software-pipelined/proj/src/ALU/Bus_Mux_32bit_16_to_1/Mux_16_to_1.vhd
    Info (12022): Found design unit 1: Mux_16_to_1-dataflow File: /home/umhaihl/cpre_381/Labs/lab3/software-pipelined/proj/src/ALU/Bus_Mux_32bit_16_to_1/Mux_16_to_1.vhd Line: 17
    Info (12023): Found entity 1: Mux_16_to_1 File: /home/umhaihl/cpre_381/Labs/lab3/software-pipelined/proj/src/ALU/Bus_Mux_32bit_16_to_1/Mux_16_to_1.vhd Line: 10
Info (12021): Found 4 design units, including 2 entities, in source file /home/umhaihl/cpre_381/Labs/lab3/software-pipelined/proj/src/ALU/Fast_adder/CLA.vhd
    Info (12022): Found design unit 1: cla_4bit-behavioral File: /home/umhaihl/cpre_381/Labs/lab3/software-pipelined/proj/src/ALU/Fast_adder/CLA.vhd Line: 30
    Info (12022): Found design unit 2: carry_lookahead_adder-behavioral File: /home/umhaihl/cpre_381/Labs/lab3/software-pipelined/proj/src/ALU/Fast_adder/CLA.vhd Line: 107
    Info (12023): Found entity 1: cla_4bit File: /home/umhaihl/cpre_381/Labs/lab3/software-pipelined/proj/src/ALU/Fast_adder/CLA.vhd Line: 21
    Info (12023): Found entity 2: carry_lookahead_adder File: /home/umhaihl/cpre_381/Labs/lab3/software-pipelined/proj/src/ALU/Fast_adder/CLA.vhd Line: 97
Info (12021): Found 2 design units, including 1 entities, in source file /home/umhaihl/cpre_381/Labs/lab3/software-pipelined/proj/src/ALU/Fast_adder/Kogge_stone.vhd
    Info (12022): Found design unit 1: kogge_stone_adder-behavioral File: /home/umhaihl/cpre_381/Labs/lab3/software-pipelined/proj/src/ALU/Fast_adder/Kogge_stone.vhd Line: 50
    Info (12023): Found entity 1: kogge_stone_adder File: /home/umhaihl/cpre_381/Labs/lab3/software-pipelined/proj/src/ALU/Fast_adder/Kogge_stone.vhd Line: 40
Info (12021): Found 2 design units, including 1 entities, in source file /home/umhaihl/cpre_381/Labs/lab3/software-pipelined/proj/src/ALU/OR_unit/OR_unit.vhd
    Info (12022): Found design unit 1: OR_unit-structural File: /home/umhaihl/cpre_381/Labs/lab3/software-pipelined/proj/src/ALU/OR_unit/OR_unit.vhd Line: 16
    Info (12023): Found entity 1: OR_unit File: /home/umhaihl/cpre_381/Labs/lab3/software-pipelined/proj/src/ALU/OR_unit/OR_unit.vhd Line: 9
Info (12021): Found 2 design units, including 1 entities, in source file /home/umhaihl/cpre_381/Labs/lab3/software-pipelined/proj/src/ALU/Shifter/Shifter.vhd
    Info (12022): Found design unit 1: Shifter-structural File: /home/umhaihl/cpre_381/Labs/lab3/software-pipelined/proj/src/ALU/Shifter/Shifter.vhd Line: 22
    Info (12023): Found entity 1: Shifter File: /home/umhaihl/cpre_381/Labs/lab3/software-pipelined/proj/src/ALU/Shifter/Shifter.vhd Line: 11
Info (12021): Found 2 design units, including 1 entities, in source file /home/umhaihl/cpre_381/Labs/lab3/software-pipelined/proj/src/ALU/XOR_unit/XOR_unit.vhd
    Info (12022): Found design unit 1: XOR_unit-structural File: /home/umhaihl/cpre_381/Labs/lab3/software-pipelined/proj/src/ALU/XOR_unit/XOR_unit.vhd Line: 16
    Info (12023): Found entity 1: XOR_unit File: /home/umhaihl/cpre_381/Labs/lab3/software-pipelined/proj/src/ALU/XOR_unit/XOR_unit.vhd Line: 9
Info (12021): Found 2 design units, including 1 entities, in source file /home/umhaihl/cpre_381/Labs/lab3/software-pipelined/proj/src/ALU_control_unit/ALU_control_unit.vhd
    Info (12022): Found design unit 1: ALU_control_unit-behavioral File: /home/umhaihl/cpre_381/Labs/lab3/software-pipelined/proj/src/ALU_control_unit/ALU_control_unit.vhd Line: 26
    Info (12023): Found entity 1: ALU_control_unit File: /home/umhaihl/cpre_381/Labs/lab3/software-pipelined/proj/src/ALU_control_unit/ALU_control_unit.vhd Line: 10
Info (12021): Found 2 design units, including 1 entities, in source file /home/umhaihl/cpre_381/Labs/lab3/software-pipelined/proj/src/Branch_decision/Branch_decision.vhd
    Info (12022): Found design unit 1: branch_decision-rtl File: /home/umhaihl/cpre_381/Labs/lab3/software-pipelined/proj/src/Branch_decision/Branch_decision.vhd Line: 22
    Info (12023): Found entity 1: branch_decision File: /home/umhaihl/cpre_381/Labs/lab3/software-pipelined/proj/src/Branch_decision/Branch_decision.vhd Line: 10
Info (12021): Found 2 design units, including 1 entities, in source file /home/umhaihl/cpre_381/Labs/lab3/software-pipelined/proj/src/Byte_half_word_selector/Byte_half_word_selector.vhd
    Info (12022): Found design unit 1: Byte_half_word_selector-structural File: /home/umhaihl/cpre_381/Labs/lab3/software-pipelined/proj/src/Byte_half_word_selector/Byte_half_word_selector.vhd Line: 20
    Info (12023): Found entity 1: Byte_half_word_selector File: /home/umhaihl/cpre_381/Labs/lab3/software-pipelined/proj/src/Byte_half_word_selector/Byte_half_word_selector.vhd Line: 10
Info (12021): Found 2 design units, including 1 entities, in source file /home/umhaihl/cpre_381/Labs/lab3/software-pipelined/proj/src/Byte_half_word_selector/data_extender_16_to_32.vhd
    Info (12022): Found design unit 1: data_extender_16_to_32-behavioral File: /home/umhaihl/cpre_381/Labs/lab3/software-pipelined/proj/src/Byte_half_word_selector/data_extender_16_to_32.vhd Line: 18
    Info (12023): Found entity 1: data_extender_16_to_32 File: /home/umhaihl/cpre_381/Labs/lab3/software-pipelined/proj/src/Byte_half_word_selector/data_extender_16_to_32.vhd Line: 10
Info (12021): Found 2 design units, including 1 entities, in source file /home/umhaihl/cpre_381/Labs/lab3/software-pipelined/proj/src/Byte_half_word_selector/data_extender_8_to_32.vhd
    Info (12022): Found design unit 1: data_extender_8_to_32-behavioral File: /home/umhaihl/cpre_381/Labs/lab3/software-pipelined/proj/src/Byte_half_word_selector/data_extender_8_to_32.vhd Line: 18
    Info (12023): Found entity 1: data_extender_8_to_32 File: /home/umhaihl/cpre_381/Labs/lab3/software-pipelined/proj/src/Byte_half_word_selector/data_extender_8_to_32.vhd Line: 10
Info (12021): Found 2 design units, including 1 entities, in source file /home/umhaihl/cpre_381/Labs/lab3/software-pipelined/proj/src/Extenders/Extenders_wrapper.vhd
    Info (12022): Found design unit 1: Extenders_wrapper-structural File: /home/umhaihl/cpre_381/Labs/lab3/software-pipelined/proj/src/Extenders/Extenders_wrapper.vhd Line: 21
    Info (12023): Found entity 1: Extenders_wrapper File: /home/umhaihl/cpre_381/Labs/lab3/software-pipelined/proj/src/Extenders/Extenders_wrapper.vhd Line: 11
Info (12021): Found 2 design units, including 1 entities, in source file /home/umhaihl/cpre_381/Labs/lab3/software-pipelined/proj/src/Extenders/I_type_extender.vhd
    Info (12022): Found design unit 1: I_type_extender-behavioral File: /home/umhaihl/cpre_381/Labs/lab3/software-pipelined/proj/src/Extenders/I_type_extender.vhd Line: 19
    Info (12023): Found entity 1: I_type_extender File: /home/umhaihl/cpre_381/Labs/lab3/software-pipelined/proj/src/Extenders/I_type_extender.vhd Line: 10
Info (12021): Found 2 design units, including 1 entities, in source file /home/umhaihl/cpre_381/Labs/lab3/software-pipelined/proj/src/Extenders/SB_type_extenders.vhd
    Info (12022): Found design unit 1: SB_type_extender-behavioral File: /home/umhaihl/cpre_381/Labs/lab3/software-pipelined/proj/src/Extenders/SB_type_extenders.vhd Line: 18
    Info (12023): Found entity 1: SB_type_extender File: /home/umhaihl/cpre_381/Labs/lab3/software-pipelined/proj/src/Extenders/SB_type_extenders.vhd Line: 10
Info (12021): Found 2 design units, including 1 entities, in source file /home/umhaihl/cpre_381/Labs/lab3/software-pipelined/proj/src/Extenders/S_type_extenders.vhd
    Info (12022): Found design unit 1: S_type_extender-behavioral File: /home/umhaihl/cpre_381/Labs/lab3/software-pipelined/proj/src/Extenders/S_type_extenders.vhd Line: 18
    Info (12023): Found entity 1: S_type_extender File: /home/umhaihl/cpre_381/Labs/lab3/software-pipelined/proj/src/Extenders/S_type_extenders.vhd Line: 10
Info (12021): Found 2 design units, including 1 entities, in source file /home/umhaihl/cpre_381/Labs/lab3/software-pipelined/proj/src/Extenders/UJ_type_extender.vhd
    Info (12022): Found design unit 1: UJ_type_extender-behavioral File: /home/umhaihl/cpre_381/Labs/lab3/software-pipelined/proj/src/Extenders/UJ_type_extender.vhd Line: 17
    Info (12023): Found entity 1: UJ_type_extender File: /home/umhaihl/cpre_381/Labs/lab3/software-pipelined/proj/src/Extenders/UJ_type_extender.vhd Line: 10
Info (12021): Found 2 design units, including 1 entities, in source file /home/umhaihl/cpre_381/Labs/lab3/software-pipelined/proj/src/Extenders/U_type_extender.vhd
    Info (12022): Found design unit 1: U_type_extender-behavioral File: /home/umhaihl/cpre_381/Labs/lab3/software-pipelined/proj/src/Extenders/U_type_extender.vhd Line: 19
    Info (12023): Found entity 1: U_type_extender File: /home/umhaihl/cpre_381/Labs/lab3/software-pipelined/proj/src/Extenders/U_type_extender.vhd Line: 10
Info (12021): Found 2 design units, including 1 entities, in source file /home/umhaihl/cpre_381/Labs/lab3/software-pipelined/proj/src/Main_control_unit/Main_control_unit.vhd
    Info (12022): Found design unit 1: Main_control_unit-behavioral File: /home/umhaihl/cpre_381/Labs/lab3/software-pipelined/proj/src/Main_control_unit/Main_control_unit.vhd Line: 29
    Info (12023): Found entity 1: Main_control_unit File: /home/umhaihl/cpre_381/Labs/lab3/software-pipelined/proj/src/Main_control_unit/Main_control_unit.vhd Line: 10
Info (12021): Found 2 design units, including 1 entities, in source file /home/umhaihl/cpre_381/Labs/lab3/software-pipelined/proj/src/Memory/mem.vhd
    Info (12022): Found design unit 1: mem-rtl File: /home/umhaihl/cpre_381/Labs/lab3/software-pipelined/proj/src/Memory/mem.vhd Line: 21
    Info (12023): Found entity 1: mem File: /home/umhaihl/cpre_381/Labs/lab3/software-pipelined/proj/src/Memory/mem.vhd Line: 8
Info (12021): Found 2 design units, including 1 entities, in source file /home/umhaihl/cpre_381/Labs/lab3/software-pipelined/proj/src/N_bit_mux/mux2t1_N_dataflow.vhd
    Info (12022): Found design unit 1: mux2t1_N_dataflow-structural File: /home/umhaihl/cpre_381/Labs/lab3/software-pipelined/proj/src/N_bit_mux/mux2t1_N_dataflow.vhd Line: 27
    Info (12023): Found entity 1: mux2t1_N_dataflow File: /home/umhaihl/cpre_381/Labs/lab3/software-pipelined/proj/src/N_bit_mux/mux2t1_N_dataflow.vhd Line: 18
Info (12021): Found 2 design units, including 1 entities, in source file /home/umhaihl/cpre_381/Labs/lab3/software-pipelined/proj/src/N_bit_mux/mux2t1_dataflow.vhd
    Info (12022): Found design unit 1: mux2t1_dataflow-dataflow File: /home/umhaihl/cpre_381/Labs/lab3/software-pipelined/proj/src/N_bit_mux/mux2t1_dataflow.vhd Line: 22
    Info (12023): Found entity 1: mux2t1_dataflow File: /home/umhaihl/cpre_381/Labs/lab3/software-pipelined/proj/src/N_bit_mux/mux2t1_dataflow.vhd Line: 15
Info (12021): Found 2 design units, including 1 entities, in source file /home/umhaihl/cpre_381/Labs/lab3/software-pipelined/proj/src/PC/PC.vhd
    Info (12022): Found design unit 1: PC-structural File: /home/umhaihl/cpre_381/Labs/lab3/software-pipelined/proj/src/PC/PC.vhd Line: 19
    Info (12023): Found entity 1: PC File: /home/umhaihl/cpre_381/Labs/lab3/software-pipelined/proj/src/PC/PC.vhd Line: 11
Info (12021): Found 2 design units, including 1 entities, in source file /home/umhaihl/cpre_381/Labs/lab3/software-pipelined/proj/src/PC_adder/PC_adder.vhd
    Info (12022): Found design unit 1: PC_adder-structural File: /home/umhaihl/cpre_381/Labs/lab3/software-pipelined/proj/src/PC_adder/PC_adder.vhd Line: 17
    Info (12023): Found entity 1: PC_adder File: /home/umhaihl/cpre_381/Labs/lab3/software-pipelined/proj/src/PC_adder/PC_adder.vhd Line: 11
Info (12021): Found 2 design units, including 1 entities, in source file /home/umhaihl/cpre_381/Labs/lab3/software-pipelined/proj/src/Pipeline_registers/Decode_execute_register.vhd
    Info (12022): Found design unit 1: Decode_Execute_register-structural File: /home/umhaihl/cpre_381/Labs/lab3/software-pipelined/proj/src/Pipeline_registers/Decode_execute_register.vhd Line: 18
    Info (12023): Found entity 1: Decode_Execute_register File: /home/umhaihl/cpre_381/Labs/lab3/software-pipelined/proj/src/Pipeline_registers/Decode_execute_register.vhd Line: 10
Info (12021): Found 2 design units, including 1 entities, in source file /home/umhaihl/cpre_381/Labs/lab3/software-pipelined/proj/src/Pipeline_registers/Execute_memory_register.vhd
    Info (12022): Found design unit 1: Execute_memory_register-structural File: /home/umhaihl/cpre_381/Labs/lab3/software-pipelined/proj/src/Pipeline_registers/Execute_memory_register.vhd Line: 18
    Info (12023): Found entity 1: Execute_memory_register File: /home/umhaihl/cpre_381/Labs/lab3/software-pipelined/proj/src/Pipeline_registers/Execute_memory_register.vhd Line: 10
Info (12021): Found 2 design units, including 1 entities, in source file /home/umhaihl/cpre_381/Labs/lab3/software-pipelined/proj/src/Pipeline_registers/Fetch_decode_register.vhd
    Info (12022): Found design unit 1: Fetch_decode_register-structural File: /home/umhaihl/cpre_381/Labs/lab3/software-pipelined/proj/src/Pipeline_registers/Fetch_decode_register.vhd Line: 18
    Info (12023): Found entity 1: Fetch_decode_register File: /home/umhaihl/cpre_381/Labs/lab3/software-pipelined/proj/src/Pipeline_registers/Fetch_decode_register.vhd Line: 10
Info (12021): Found 2 design units, including 1 entities, in source file /home/umhaihl/cpre_381/Labs/lab3/software-pipelined/proj/src/Pipeline_registers/Memory_wback_register.vhd
    Info (12022): Found design unit 1: Memory_wback_register-structural File: /home/umhaihl/cpre_381/Labs/lab3/software-pipelined/proj/src/Pipeline_registers/Memory_wback_register.vhd Line: 18
    Info (12023): Found entity 1: Memory_wback_register File: /home/umhaihl/cpre_381/Labs/lab3/software-pipelined/proj/src/Pipeline_registers/Memory_wback_register.vhd Line: 10
Info (12021): Found 1 design units, including 0 entities, in source file /home/umhaihl/cpre_381/Labs/lab3/software-pipelined/proj/src/RISCV_types.vhd
    Info (12022): Found design unit 1: RISCV_types File: /home/umhaihl/cpre_381/Labs/lab3/software-pipelined/proj/src/RISCV_types.vhd Line: 16
Info (12021): Found 2 design units, including 1 entities, in source file /home/umhaihl/cpre_381/Labs/lab3/software-pipelined/proj/src/RegFile/Bus_Mux_32bit_32_to_1/Bus_Mux_32bit_32_to_1.vhd
    Info (12022): Found design unit 1: Bus_32_bit_Mux_32_to_1-structural File: /home/umhaihl/cpre_381/Labs/lab3/software-pipelined/proj/src/RegFile/Bus_Mux_32bit_32_to_1/Bus_Mux_32bit_32_to_1.vhd Line: 18
    Info (12023): Found entity 1: Bus_32_bit_Mux_32_to_1 File: /home/umhaihl/cpre_381/Labs/lab3/software-pipelined/proj/src/RegFile/Bus_Mux_32bit_32_to_1/Bus_Mux_32bit_32_to_1.vhd Line: 10
Info (12021): Found 2 design units, including 1 entities, in source file /home/umhaihl/cpre_381/Labs/lab3/software-pipelined/proj/src/RegFile/Bus_Mux_32bit_32_to_1/Mux_32_to_1.vhd
    Info (12022): Found design unit 1: Mux_32_to_1-dataflow File: /home/umhaihl/cpre_381/Labs/lab3/software-pipelined/proj/src/RegFile/Bus_Mux_32bit_32_to_1/Mux_32_to_1.vhd Line: 17
    Info (12023): Found entity 1: Mux_32_to_1 File: /home/umhaihl/cpre_381/Labs/lab3/software-pipelined/proj/src/RegFile/Bus_Mux_32bit_32_to_1/Mux_32_to_1.vhd Line: 10
Info (12021): Found 2 design units, including 1 entities, in source file /home/umhaihl/cpre_381/Labs/lab3/software-pipelined/proj/src/RegFile/Decoder_5_to_32/Decoder_5_to_32.vhd
    Info (12022): Found design unit 1: Decoder_5_to_32-behavioral File: /home/umhaihl/cpre_381/Labs/lab3/software-pipelined/proj/src/RegFile/Decoder_5_to_32/Decoder_5_to_32.vhd Line: 16
    Info (12023): Found entity 1: Decoder_5_to_32 File: /home/umhaihl/cpre_381/Labs/lab3/software-pipelined/proj/src/RegFile/Decoder_5_to_32/Decoder_5_to_32.vhd Line: 10
Info (12021): Found 2 design units, including 1 entities, in source file /home/umhaihl/cpre_381/Labs/lab3/software-pipelined/proj/src/RegFile/N_bit_register/N_bit_register.vhd
    Info (12022): Found design unit 1: N_bit_register-structural File: /home/umhaihl/cpre_381/Labs/lab3/software-pipelined/proj/src/RegFile/N_bit_register/N_bit_register.vhd Line: 18
    Info (12023): Found entity 1: N_bit_register File: /home/umhaihl/cpre_381/Labs/lab3/software-pipelined/proj/src/RegFile/N_bit_register/N_bit_register.vhd Line: 9
Info (12021): Found 2 design units, including 1 entities, in source file /home/umhaihl/cpre_381/Labs/lab3/software-pipelined/proj/src/RegFile/One_bit_register/d_filp_flop.vhd
    Info (12022): Found design unit 1: d_flip_flop-behavioral File: /home/umhaihl/cpre_381/Labs/lab3/software-pipelined/proj/src/RegFile/One_bit_register/d_filp_flop.vhd Line: 17
    Info (12023): Found entity 1: d_flip_flop File: /home/umhaihl/cpre_381/Labs/lab3/software-pipelined/proj/src/RegFile/One_bit_register/d_filp_flop.vhd Line: 9
Info (12021): Found 2 design units, including 1 entities, in source file /home/umhaihl/cpre_381/Labs/lab3/software-pipelined/proj/src/RegFile/One_bit_register/one_bit_register.vhd
    Info (12022): Found design unit 1: one_bit_register-structural File: /home/umhaihl/cpre_381/Labs/lab3/software-pipelined/proj/src/RegFile/One_bit_register/one_bit_register.vhd Line: 20
    Info (12023): Found entity 1: one_bit_register File: /home/umhaihl/cpre_381/Labs/lab3/software-pipelined/proj/src/RegFile/One_bit_register/one_bit_register.vhd Line: 10
Info (12021): Found 2 design units, including 1 entities, in source file /home/umhaihl/cpre_381/Labs/lab3/software-pipelined/proj/src/RegFile/Register_file.vhd
    Info (12022): Found design unit 1: Register_file-structural File: /home/umhaihl/cpre_381/Labs/lab3/software-pipelined/proj/src/RegFile/Register_file.vhd Line: 29
    Info (12023): Found entity 1: Register_file File: /home/umhaihl/cpre_381/Labs/lab3/software-pipelined/proj/src/RegFile/Register_file.vhd Line: 14
Info (12021): Found 2 design units, including 1 entities, in source file /home/umhaihl/cpre_381/Labs/lab3/software-pipelined/proj/src/RegFile/Structural_mux/mux2t1_structural.vhd
    Info (12022): Found design unit 1: mux2t1_structural-structural File: /home/umhaihl/cpre_381/Labs/lab3/software-pipelined/proj/src/RegFile/Structural_mux/mux2t1_structural.vhd Line: 24
    Info (12023): Found entity 1: mux2t1_structural File: /home/umhaihl/cpre_381/Labs/lab3/software-pipelined/proj/src/RegFile/Structural_mux/mux2t1_structural.vhd Line: 16
Info (12021): Found 2 design units, including 1 entities, in source file /home/umhaihl/cpre_381/Labs/lab3/software-pipelined/proj/src/Slicer/Slicer.vhd
    Info (12022): Found design unit 1: Slicer-structural File: /home/umhaihl/cpre_381/Labs/lab3/software-pipelined/proj/src/Slicer/Slicer.vhd Line: 19
    Info (12023): Found entity 1: Slicer File: /home/umhaihl/cpre_381/Labs/lab3/software-pipelined/proj/src/Slicer/Slicer.vhd Line: 10
Info (12021): Found 2 design units, including 1 entities, in source file /home/umhaihl/cpre_381/Labs/lab3/software-pipelined/proj/src/TopLevel/RISCV_Processor.vhd
    Info (12022): Found design unit 1: RISCV_Processor-structure File: /home/umhaihl/cpre_381/Labs/lab3/software-pipelined/proj/src/TopLevel/RISCV_Processor.vhd Line: 26
    Info (12023): Found entity 1: RISCV_Processor File: /home/umhaihl/cpre_381/Labs/lab3/software-pipelined/proj/src/TopLevel/RISCV_Processor.vhd Line: 14
Info (12127): Elaborating entity "RISCV_Processor" for the top level hierarchy
Warning (10036): Verilog HDL or VHDL warning at RISCV_Processor.vhd(203): object "s_DMemWr" assigned a value but never read File: /home/umhaihl/cpre_381/Labs/lab3/software-pipelined/proj/src/TopLevel/RISCV_Processor.vhd Line: 203
Warning (10036): Verilog HDL or VHDL warning at RISCV_Processor.vhd(204): object "s_DMemAddr" assigned a value but never read File: /home/umhaihl/cpre_381/Labs/lab3/software-pipelined/proj/src/TopLevel/RISCV_Processor.vhd Line: 204
Warning (10036): Verilog HDL or VHDL warning at RISCV_Processor.vhd(205): object "s_DMemData" assigned a value but never read File: /home/umhaihl/cpre_381/Labs/lab3/software-pipelined/proj/src/TopLevel/RISCV_Processor.vhd Line: 205
Warning (10036): Verilog HDL or VHDL warning at RISCV_Processor.vhd(206): object "s_DMemOut" assigned a value but never read File: /home/umhaihl/cpre_381/Labs/lab3/software-pipelined/proj/src/TopLevel/RISCV_Processor.vhd Line: 206
Warning (10036): Verilog HDL or VHDL warning at RISCV_Processor.vhd(209): object "s_RegWr" assigned a value but never read File: /home/umhaihl/cpre_381/Labs/lab3/software-pipelined/proj/src/TopLevel/RISCV_Processor.vhd Line: 209
Warning (10036): Verilog HDL or VHDL warning at RISCV_Processor.vhd(210): object "s_RegWrAddr" assigned a value but never read File: /home/umhaihl/cpre_381/Labs/lab3/software-pipelined/proj/src/TopLevel/RISCV_Processor.vhd Line: 210
Warning (10036): Verilog HDL or VHDL warning at RISCV_Processor.vhd(211): object "s_RegWrData" assigned a value but never read File: /home/umhaihl/cpre_381/Labs/lab3/software-pipelined/proj/src/TopLevel/RISCV_Processor.vhd Line: 211
Warning (10036): Verilog HDL or VHDL warning at RISCV_Processor.vhd(214): object "s_IMemAddr" assigned a value but never read File: /home/umhaihl/cpre_381/Labs/lab3/software-pipelined/proj/src/TopLevel/RISCV_Processor.vhd Line: 214
Warning (10036): Verilog HDL or VHDL warning at RISCV_Processor.vhd(216): object "s_Inst" assigned a value but never read File: /home/umhaihl/cpre_381/Labs/lab3/software-pipelined/proj/src/TopLevel/RISCV_Processor.vhd Line: 216
Warning (10036): Verilog HDL or VHDL warning at RISCV_Processor.vhd(219): object "s_Halt" assigned a value but never read File: /home/umhaihl/cpre_381/Labs/lab3/software-pipelined/proj/src/TopLevel/RISCV_Processor.vhd Line: 219
Warning (10036): Verilog HDL or VHDL warning at RISCV_Processor.vhd(222): object "s_Ovfl" assigned a value but never read File: /home/umhaihl/cpre_381/Labs/lab3/software-pipelined/proj/src/TopLevel/RISCV_Processor.vhd Line: 222
Info (12128): Elaborating entity "Fetch_decode_register" for hierarchy "Fetch_decode_register:IF_ID_reg_inst" File: /home/umhaihl/cpre_381/Labs/lab3/software-pipelined/proj/src/TopLevel/RISCV_Processor.vhd Line: 292
Info (12128): Elaborating entity "N_bit_register" for hierarchy "Fetch_decode_register:IF_ID_reg_inst|N_bit_register:Fetch_decode_register_inst" File: /home/umhaihl/cpre_381/Labs/lab3/software-pipelined/proj/src/Pipeline_registers/Fetch_decode_register.vhd Line: 44
Info (12128): Elaborating entity "one_bit_register" for hierarchy "Fetch_decode_register:IF_ID_reg_inst|N_bit_register:Fetch_decode_register_inst|one_bit_register:\N_Registers:0:register_i" File: /home/umhaihl/cpre_381/Labs/lab3/software-pipelined/proj/src/RegFile/N_bit_register/N_bit_register.vhd Line: 32
Info (12128): Elaborating entity "mux2t1_structural" for hierarchy "Fetch_decode_register:IF_ID_reg_inst|N_bit_register:Fetch_decode_register_inst|one_bit_register:\N_Registers:0:register_i|mux2t1_structural:mux" File: /home/umhaihl/cpre_381/Labs/lab3/software-pipelined/proj/src/RegFile/One_bit_register/one_bit_register.vhd Line: 43
Info (12128): Elaborating entity "not_gate" for hierarchy "Fetch_decode_register:IF_ID_reg_inst|N_bit_register:Fetch_decode_register_inst|one_bit_register:\N_Registers:0:register_i|mux2t1_structural:mux|not_gate:not1" File: /home/umhaihl/cpre_381/Labs/lab3/software-pipelined/proj/src/RegFile/Structural_mux/mux2t1_structural.vhd Line: 45
Info (12128): Elaborating entity "two_input_and" for hierarchy "Fetch_decode_register:IF_ID_reg_inst|N_bit_register:Fetch_decode_register_inst|one_bit_register:\N_Registers:0:register_i|mux2t1_structural:mux|two_input_and:a0" File: /home/umhaihl/cpre_381/Labs/lab3/software-pipelined/proj/src/RegFile/Structural_mux/mux2t1_structural.vhd Line: 48
Info (12128): Elaborating entity "two_input_or" for hierarchy "Fetch_decode_register:IF_ID_reg_inst|N_bit_register:Fetch_decode_register_inst|one_bit_register:\N_Registers:0:register_i|mux2t1_structural:mux|two_input_or:or1" File: /home/umhaihl/cpre_381/Labs/lab3/software-pipelined/proj/src/RegFile/Structural_mux/mux2t1_structural.vhd Line: 56
Info (12128): Elaborating entity "d_flip_flop" for hierarchy "Fetch_decode_register:IF_ID_reg_inst|N_bit_register:Fetch_decode_register_inst|one_bit_register:\N_Registers:0:register_i|d_flip_flop:dff" File: /home/umhaihl/cpre_381/Labs/lab3/software-pipelined/proj/src/RegFile/One_bit_register/one_bit_register.vhd Line: 49
Warning (10492): VHDL Process Statement warning at d_filp_flop.vhd(26): signal "i_RST" is read inside the Process Statement but isn't in the Process Statement's sensitivity list File: /home/umhaihl/cpre_381/Labs/lab3/software-pipelined/proj/src/RegFile/One_bit_register/d_filp_flop.vhd Line: 26
Info (12128): Elaborating entity "Decode_Execute_register" for hierarchy "Decode_Execute_register:ID_EX_reg_inst" File: /home/umhaihl/cpre_381/Labs/lab3/software-pipelined/proj/src/TopLevel/RISCV_Processor.vhd Line: 301
Info (12128): Elaborating entity "N_bit_register" for hierarchy "Decode_Execute_register:ID_EX_reg_inst|N_bit_register:Decode_execute_register_inst" File: /home/umhaihl/cpre_381/Labs/lab3/software-pipelined/proj/src/Pipeline_registers/Decode_execute_register.vhd Line: 71
Info (12128): Elaborating entity "Execute_memory_register" for hierarchy "Execute_memory_register:EX_MEM_reg_inst" File: /home/umhaihl/cpre_381/Labs/lab3/software-pipelined/proj/src/TopLevel/RISCV_Processor.vhd Line: 310
Warning (10873): Using initial value X (don't care) for net "s_Execute_memory_data_in[115]" at Execute_memory_register.vhd(31) File: /home/umhaihl/cpre_381/Labs/lab3/software-pipelined/proj/src/Pipeline_registers/Execute_memory_register.vhd Line: 31
Info (12128): Elaborating entity "N_bit_register" for hierarchy "Execute_memory_register:EX_MEM_reg_inst|N_bit_register:Execute_memory_register_inst" File: /home/umhaihl/cpre_381/Labs/lab3/software-pipelined/proj/src/Pipeline_registers/Execute_memory_register.vhd Line: 72
Info (12128): Elaborating entity "Memory_wback_register" for hierarchy "Memory_wback_register:MEM_WB_reg_inst" File: /home/umhaihl/cpre_381/Labs/lab3/software-pipelined/proj/src/TopLevel/RISCV_Processor.vhd Line: 319
Info (12128): Elaborating entity "N_bit_register" for hierarchy "Memory_wback_register:MEM_WB_reg_inst|N_bit_register:Memory_wback_register_inst" File: /home/umhaihl/cpre_381/Labs/lab3/software-pipelined/proj/src/Pipeline_registers/Memory_wback_register.vhd Line: 48
Info (12128): Elaborating entity "mux2t1_N_dataflow" for hierarchy "mux2t1_N_dataflow:Mux2t1_pc_source_inst" File: /home/umhaihl/cpre_381/Labs/lab3/software-pipelined/proj/src/TopLevel/RISCV_Processor.vhd Line: 329
Info (12128): Elaborating entity "mux2t1_dataflow" for hierarchy "mux2t1_N_dataflow:Mux2t1_pc_source_inst|mux2t1_dataflow:\G_NBit_MUX:0:MUXI" File: /home/umhaihl/cpre_381/Labs/lab3/software-pipelined/proj/src/N_bit_mux/mux2t1_N_dataflow.vhd Line: 40
Info (12128): Elaborating entity "PC" for hierarchy "PC:PC_inst" File: /home/umhaihl/cpre_381/Labs/lab3/software-pipelined/proj/src/TopLevel/RISCV_Processor.vhd Line: 339
Info (12128): Elaborating entity "N_bit_register" for hierarchy "PC:PC_inst|N_bit_register:Reg" File: /home/umhaihl/cpre_381/Labs/lab3/software-pipelined/proj/src/PC/PC.vhd Line: 31
Info (12128): Elaborating entity "one_bit_register" for hierarchy "PC:PC_inst|N_bit_register:Reg|one_bit_register:\N_Registers:22:register_i" File: /home/umhaihl/cpre_381/Labs/lab3/software-pipelined/proj/src/RegFile/N_bit_register/N_bit_register.vhd Line: 32
Info (12128): Elaborating entity "d_flip_flop" for hierarchy "PC:PC_inst|N_bit_register:Reg|one_bit_register:\N_Registers:22:register_i|d_flip_flop:dff" File: /home/umhaihl/cpre_381/Labs/lab3/software-pipelined/proj/src/RegFile/One_bit_register/one_bit_register.vhd Line: 49
Warning (10492): VHDL Process Statement warning at d_filp_flop.vhd(26): signal "i_RST" is read inside the Process Statement but isn't in the Process Statement's sensitivity list File: /home/umhaihl/cpre_381/Labs/lab3/software-pipelined/proj/src/RegFile/One_bit_register/d_filp_flop.vhd Line: 26
Info (12128): Elaborating entity "PC_adder" for hierarchy "PC_adder:PC_adder_inst" File: /home/umhaihl/cpre_381/Labs/lab3/software-pipelined/proj/src/TopLevel/RISCV_Processor.vhd Line: 349
Info (12128): Elaborating entity "ripple_carry_N_bit_adder" for hierarchy "PC_adder:PC_adder_inst|ripple_carry_N_bit_adder:Adder" File: /home/umhaihl/cpre_381/Labs/lab3/software-pipelined/proj/src/PC_adder/PC_adder.vhd Line: 31
Info (12128): Elaborating entity "full_adder" for hierarchy "PC_adder:PC_adder_inst|ripple_carry_N_bit_adder:Adder|full_adder:\Ripple_Carry_Adder:0:FA_i" File: /home/umhaihl/cpre_381/Labs/lab3/software-pipelined/proj/src/ALU/AddSub_immediate/AddSub/Adder/ripple_carry_N_bit_adder.vhd Line: 48
Info (12128): Elaborating entity "three_input_xor" for hierarchy "PC_adder:PC_adder_inst|ripple_carry_N_bit_adder:Adder|full_adder:\Ripple_Carry_Adder:0:FA_i|three_input_xor:XOR1" File: /home/umhaihl/cpre_381/Labs/lab3/software-pipelined/proj/src/ALU/AddSub_immediate/AddSub/Adder/full_adder.vhd Line: 42
Info (12128): Elaborating entity "two_input_xor" for hierarchy "PC_adder:PC_adder_inst|ripple_carry_N_bit_adder:Adder|full_adder:\Ripple_Carry_Adder:0:FA_i|three_input_xor:XOR1|two_input_xor:XOR1" File: /home/umhaihl/cpre_381/Labs/lab3/software-pipelined/proj/src/ALU/AddSub_immediate/AddSub/Adder/three_input_xor.vhd Line: 23
Info (12128): Elaborating entity "three_input_or" for hierarchy "PC_adder:PC_adder_inst|ripple_carry_N_bit_adder:Adder|full_adder:\Ripple_Carry_Adder:0:FA_i|three_input_or:OR1" File: /home/umhaihl/cpre_381/Labs/lab3/software-pipelined/proj/src/ALU/AddSub_immediate/AddSub/Adder/full_adder.vhd Line: 63
Info (12128): Elaborating entity "mem" for hierarchy "mem:IMem" File: /home/umhaihl/cpre_381/Labs/lab3/software-pipelined/proj/src/TopLevel/RISCV_Processor.vhd Line: 356
Info (12128): Elaborating entity "Main_control_unit" for hierarchy "Main_control_unit:Main_control_inst" File: /home/umhaihl/cpre_381/Labs/lab3/software-pipelined/proj/src/TopLevel/RISCV_Processor.vhd Line: 369
Info (12128): Elaborating entity "Register_file" for hierarchy "Register_file:Register_file_inst" File: /home/umhaihl/cpre_381/Labs/lab3/software-pipelined/proj/src/TopLevel/RISCV_Processor.vhd Line: 387
Info (12128): Elaborating entity "Decoder_5_to_32" for hierarchy "Register_file:Register_file_inst|Decoder_5_to_32:decoder" File: /home/umhaihl/cpre_381/Labs/lab3/software-pipelined/proj/src/RegFile/Register_file.vhd Line: 59
Info (12128): Elaborating entity "N_bit_register" for hierarchy "Register_file:Register_file_inst|N_bit_register:\N_32bit_Registers:1:IF_OTHER:a_32bit_register_I" File: /home/umhaihl/cpre_381/Labs/lab3/software-pipelined/proj/src/RegFile/Register_file.vhd Line: 84
Info (12128): Elaborating entity "N_bit_register" for hierarchy "Register_file:Register_file_inst|N_bit_register:\N_32bit_Registers:2:IF_SP:a_32bit_register_SP" File: /home/umhaihl/cpre_381/Labs/lab3/software-pipelined/proj/src/RegFile/Register_file.vhd Line: 72
Info (12128): Elaborating entity "Bus_32_bit_Mux_32_to_1" for hierarchy "Register_file:Register_file_inst|Bus_32_bit_Mux_32_to_1:a_32to1_Mux1_I" File: /home/umhaihl/cpre_381/Labs/lab3/software-pipelined/proj/src/RegFile/Register_file.vhd Line: 97
Info (12128): Elaborating entity "Mux_32_to_1" for hierarchy "Register_file:Register_file_inst|Bus_32_bit_Mux_32_to_1:a_32to1_Mux1_I|Mux_32_to_1:\G_NBit_bus_MUX_I:0:MUXI" File: /home/umhaihl/cpre_381/Labs/lab3/software-pipelined/proj/src/RegFile/Bus_Mux_32bit_32_to_1/Bus_Mux_32bit_32_to_1.vhd Line: 29
Info (12128): Elaborating entity "Extenders_wrapper" for hierarchy "Extenders_wrapper:Extenders_inst" File: /home/umhaihl/cpre_381/Labs/lab3/software-pipelined/proj/src/TopLevel/RISCV_Processor.vhd Line: 432
Info (12128): Elaborating entity "I_type_extender" for hierarchy "Extenders_wrapper:Extenders_inst|I_type_extender:I_extender_inst" File: /home/umhaihl/cpre_381/Labs/lab3/software-pipelined/proj/src/Extenders/Extenders_wrapper.vhd Line: 67
Info (12128): Elaborating entity "U_type_extender" for hierarchy "Extenders_wrapper:Extenders_inst|U_type_extender:U_extender_inst" File: /home/umhaihl/cpre_381/Labs/lab3/software-pipelined/proj/src/Extenders/Extenders_wrapper.vhd Line: 73
Info (12128): Elaborating entity "S_type_extender" for hierarchy "Extenders_wrapper:Extenders_inst|S_type_extender:S_extender_inst" File: /home/umhaihl/cpre_381/Labs/lab3/software-pipelined/proj/src/Extenders/Extenders_wrapper.vhd Line: 79
Info (12128): Elaborating entity "SB_type_extender" for hierarchy "Extenders_wrapper:Extenders_inst|SB_type_extender:SB_extender_inst" File: /home/umhaihl/cpre_381/Labs/lab3/software-pipelined/proj/src/Extenders/Extenders_wrapper.vhd Line: 86
Info (12128): Elaborating entity "UJ_type_extender" for hierarchy "Extenders_wrapper:Extenders_inst|UJ_type_extender:UJ_extender_inst" File: /home/umhaihl/cpre_381/Labs/lab3/software-pipelined/proj/src/Extenders/Extenders_wrapper.vhd Line: 92
Info (12128): Elaborating entity "ALU_control_unit" for hierarchy "ALU_control_unit:ALU_control_unit_inst" File: /home/umhaihl/cpre_381/Labs/lab3/software-pipelined/proj/src/TopLevel/RISCV_Processor.vhd Line: 440
Warning (10492): VHDL Process Statement warning at ALU_control_unit.vhd(43): signal "i_lui" is read inside the Process Statement but isn't in the Process Statement's sensitivity list File: /home/umhaihl/cpre_381/Labs/lab3/software-pipelined/proj/src/ALU_control_unit/ALU_control_unit.vhd Line: 43
Info (12128): Elaborating entity "ALU" for hierarchy "ALU:ALU_inst" File: /home/umhaihl/cpre_381/Labs/lab3/software-pipelined/proj/src/TopLevel/RISCV_Processor.vhd Line: 468
Info (12128): Elaborating entity "carry_lookahead_adder" for hierarchy "ALU:ALU_inst|carry_lookahead_adder:Adder_subtractor_inst" File: /home/umhaihl/cpre_381/Labs/lab3/software-pipelined/proj/src/ALU/ALU.vhd Line: 107
Warning (10036): Verilog HDL or VHDL warning at CLA.vhd(122): object "G_blk" assigned a value but never read File: /home/umhaihl/cpre_381/Labs/lab3/software-pipelined/proj/src/ALU/Fast_adder/CLA.vhd Line: 122
Warning (10036): Verilog HDL or VHDL warning at CLA.vhd(123): object "P_blk" assigned a value but never read File: /home/umhaihl/cpre_381/Labs/lab3/software-pipelined/proj/src/ALU/Fast_adder/CLA.vhd Line: 123
Info (12128): Elaborating entity "cla_4bit" for hierarchy "ALU:ALU_inst|carry_lookahead_adder:Adder_subtractor_inst|cla_4bit:\gen_blocks:0:u_cla" File: /home/umhaihl/cpre_381/Labs/lab3/software-pipelined/proj/src/ALU/Fast_adder/CLA.vhd Line: 135
Info (12128): Elaborating entity "Shifter" for hierarchy "ALU:ALU_inst|Shifter:Shifter_inst" File: /home/umhaihl/cpre_381/Labs/lab3/software-pipelined/proj/src/ALU/ALU.vhd Line: 115
Info (12128): Elaborating entity "AND_unit" for hierarchy "ALU:ALU_inst|AND_unit:AND_unit_inst" File: /home/umhaihl/cpre_381/Labs/lab3/software-pipelined/proj/src/ALU/ALU.vhd Line: 133
Info (12128): Elaborating entity "OR_unit" for hierarchy "ALU:ALU_inst|OR_unit:OR_unit_inst" File: /home/umhaihl/cpre_381/Labs/lab3/software-pipelined/proj/src/ALU/ALU.vhd Line: 139
Info (12128): Elaborating entity "XOR_unit" for hierarchy "ALU:ALU_inst|XOR_unit:XOR_unit_inst" File: /home/umhaihl/cpre_381/Labs/lab3/software-pipelined/proj/src/ALU/ALU.vhd Line: 145
Info (12128): Elaborating entity "branch_decision" for hierarchy "branch_decision:branch_brain_inst" File: /home/umhaihl/cpre_381/Labs/lab3/software-pipelined/proj/src/TopLevel/RISCV_Processor.vhd Line: 500
Info (12128): Elaborating entity "Byte_half_word_selector" for hierarchy "Byte_half_word_selector:Selector_inst" File: /home/umhaihl/cpre_381/Labs/lab3/software-pipelined/proj/src/TopLevel/RISCV_Processor.vhd Line: 526
Info (12128): Elaborating entity "mux2t1_N_dataflow" for hierarchy "Byte_half_word_selector:Selector_inst|mux2t1_N_dataflow:mux1" File: /home/umhaihl/cpre_381/Labs/lab3/software-pipelined/proj/src/Byte_half_word_selector/Byte_half_word_selector.vhd Line: 63
Info (12128): Elaborating entity "data_extender_8_to_32" for hierarchy "Byte_half_word_selector:Selector_inst|data_extender_8_to_32:extender_8t32" File: /home/umhaihl/cpre_381/Labs/lab3/software-pipelined/proj/src/Byte_half_word_selector/Byte_half_word_selector.vhd Line: 71
Info (12128): Elaborating entity "data_extender_16_to_32" for hierarchy "Byte_half_word_selector:Selector_inst|data_extender_16_to_32:extender_16t32" File: /home/umhaihl/cpre_381/Labs/lab3/software-pipelined/proj/src/Byte_half_word_selector/Byte_half_word_selector.vhd Line: 78
Info (276014): Found 1 instances of uninferred RAM logic
    Info (276007): RAM logic "mem:DMem|ram" is uninferred due to asynchronous read logic File: /home/umhaihl/cpre_381/Labs/lab3/software-pipelined/proj/src/Memory/mem.vhd Line: 29
Info (19000): Inferred 1 megafunctions from design logic
    Info (276029): Inferred altsyncram megafunction from the following design logic: "mem:IMem|ram_rtl_0" 
        Info (286033): Parameter OPERATION_MODE set to SINGLE_PORT
        Info (286033): Parameter WIDTH_A set to 32
        Info (286033): Parameter WIDTHAD_A set to 10
        Info (286033): Parameter NUMWORDS_A set to 1024
        Info (286033): Parameter OUTDATA_REG_A set to UNREGISTERED
        Info (286033): Parameter ADDRESS_ACLR_A set to NONE
        Info (286033): Parameter OUTDATA_ACLR_A set to NONE
        Info (286033): Parameter READ_DURING_WRITE_MODE_PORT_A set to OLD_DATA
        Info (286033): Parameter INDATA_ACLR_A set to NONE
        Info (286033): Parameter WRCONTROL_ACLR_A set to NONE
Info (12130): Elaborated megafunction instantiation "mem:IMem|altsyncram:ram_rtl_0"
Info (12133): Instantiated megafunction "mem:IMem|altsyncram:ram_rtl_0" with the following parameter:
    Info (12134): Parameter "OPERATION_MODE" = "SINGLE_PORT"
    Info (12134): Parameter "WIDTH_A" = "32"
    Info (12134): Parameter "WIDTHAD_A" = "10"
    Info (12134): Parameter "NUMWORDS_A" = "1024"
    Info (12134): Parameter "OUTDATA_REG_A" = "UNREGISTERED"
    Info (12134): Parameter "ADDRESS_ACLR_A" = "NONE"
    Info (12134): Parameter "OUTDATA_ACLR_A" = "NONE"
    Info (12134): Parameter "READ_DURING_WRITE_MODE_PORT_A" = "OLD_DATA"
    Info (12134): Parameter "INDATA_ACLR_A" = "NONE"
    Info (12134): Parameter "WRCONTROL_ACLR_A" = "NONE"
Info (12021): Found 1 design units, including 1 entities, in source file db/altsyncram_eg81.tdf
    Info (12023): Found entity 1: altsyncram_eg81 File: /home/umhaihl/cpre_381/Labs/lab3/software-pipelined/internal/QuartusWork/db/altsyncram_eg81.tdf Line: 28
Info (13000): Registers with preset signals will power-up high File: /home/umhaihl/cpre_381/Labs/lab3/software-pipelined/proj/src/RegFile/One_bit_register/d_filp_flop.vhd Line: 26
Info (13003): DEV_CLRn pin will set, and not reset, register with preset signal due to NOT Gate Push-Back
Info (286030): Timing-Driven Synthesis is running
Info (128000): Starting physical synthesis optimizations for speed
Info (332104): Reading SDC File: 'toolflow.sdc'
Info (332129): Detected timing requirements -- optimizing circuit to achieve only the specified requirements
Info (332111): Found 1 clocks
    Info (332111):   Period   Clock Name
    Info (332111): ======== ============
    Info (332111):   20.000         iCLK
Info (128002): Starting physical synthesis algorithm register retiming
Info (128003): Physical synthesis algorithm register retiming complete: estimated slack improvement of 2035 ps
Info (128002): Starting physical synthesis algorithm combinational resynthesis using boolean division
Info (128003): Physical synthesis algorithm combinational resynthesis using boolean division complete: estimated slack improvement of 0 ps
Info (128001): Physical synthesis optimizations for speed complete: elapsed time is 00:00:20
Info (16010): Generating hard_block partition "hard_block:auto_generated_inst"
    Info (16011): Adding 0 node(s), including 0 DDIO, 0 PLL, 0 transceiver and 0 LCELL
Warning (21074): Design contains 32 input pin(s) that do not drive logic
    Warning (15610): No output dependent on input pin "iInstAddr[0]" File: /home/umhaihl/cpre_381/Labs/lab3/software-pipelined/proj/src/TopLevel/RISCV_Processor.vhd Line: 19
    Warning (15610): No output dependent on input pin "iInstAddr[1]" File: /home/umhaihl/cpre_381/Labs/lab3/software-pipelined/proj/src/TopLevel/RISCV_Processor.vhd Line: 19
    Warning (15610): No output dependent on input pin "iInstAddr[2]" File: /home/umhaihl/cpre_381/Labs/lab3/software-pipelined/proj/src/TopLevel/RISCV_Processor.vhd Line: 19
    Warning (15610): No output dependent on input pin "iInstAddr[3]" File: /home/umhaihl/cpre_381/Labs/lab3/software-pipelined/proj/src/TopLevel/RISCV_Processor.vhd Line: 19
    Warning (15610): No output dependent on input pin "iInstAddr[4]" File: /home/umhaihl/cpre_381/Labs/lab3/software-pipelined/proj/src/TopLevel/RISCV_Processor.vhd Line: 19
    Warning (15610): No output dependent on input pin "iInstAddr[5]" File: /home/umhaihl/cpre_381/Labs/lab3/software-pipelined/proj/src/TopLevel/RISCV_Processor.vhd Line: 19
    Warning (15610): No output dependent on input pin "iInstAddr[6]" File: /home/umhaihl/cpre_381/Labs/lab3/software-pipelined/proj/src/TopLevel/RISCV_Processor.vhd Line: 19
    Warning (15610): No output dependent on input pin "iInstAddr[7]" File: /home/umhaihl/cpre_381/Labs/lab3/software-pipelined/proj/src/TopLevel/RISCV_Processor.vhd Line: 19
    Warning (15610): No output dependent on input pin "iInstAddr[8]" File: /home/umhaihl/cpre_381/Labs/lab3/software-pipelined/proj/src/TopLevel/RISCV_Processor.vhd Line: 19
    Warning (15610): No output dependent on input pin "iInstAddr[9]" File: /home/umhaihl/cpre_381/Labs/lab3/software-pipelined/proj/src/TopLevel/RISCV_Processor.vhd Line: 19
    Warning (15610): No output dependent on input pin "iInstAddr[10]" File: /home/umhaihl/cpre_381/Labs/lab3/software-pipelined/proj/src/TopLevel/RISCV_Processor.vhd Line: 19
    Warning (15610): No output dependent on input pin "iInstAddr[11]" File: /home/umhaihl/cpre_381/Labs/lab3/software-pipelined/proj/src/TopLevel/RISCV_Processor.vhd Line: 19
    Warning (15610): No output dependent on input pin "iInstAddr[12]" File: /home/umhaihl/cpre_381/Labs/lab3/software-pipelined/proj/src/TopLevel/RISCV_Processor.vhd Line: 19
    Warning (15610): No output dependent on input pin "iInstAddr[13]" File: /home/umhaihl/cpre_381/Labs/lab3/software-pipelined/proj/src/TopLevel/RISCV_Processor.vhd Line: 19
    Warning (15610): No output dependent on input pin "iInstAddr[14]" File: /home/umhaihl/cpre_381/Labs/lab3/software-pipelined/proj/src/TopLevel/RISCV_Processor.vhd Line: 19
    Warning (15610): No output dependent on input pin "iInstAddr[15]" File: /home/umhaihl/cpre_381/Labs/lab3/software-pipelined/proj/src/TopLevel/RISCV_Processor.vhd Line: 19
    Warning (15610): No output dependent on input pin "iInstAddr[16]" File: /home/umhaihl/cpre_381/Labs/lab3/software-pipelined/proj/src/TopLevel/RISCV_Processor.vhd Line: 19
    Warning (15610): No output dependent on input pin "iInstAddr[17]" File: /home/umhaihl/cpre_381/Labs/lab3/software-pipelined/proj/src/TopLevel/RISCV_Processor.vhd Line: 19
    Warning (15610): No output dependent on input pin "iInstAddr[18]" File: /home/umhaihl/cpre_381/Labs/lab3/software-pipelined/proj/src/TopLevel/RISCV_Processor.vhd Line: 19
    Warning (15610): No output dependent on input pin "iInstAddr[19]" File: /home/umhaihl/cpre_381/Labs/lab3/software-pipelined/proj/src/TopLevel/RISCV_Processor.vhd Line: 19
    Warning (15610): No output dependent on input pin "iInstAddr[20]" File: /home/umhaihl/cpre_381/Labs/lab3/software-pipelined/proj/src/TopLevel/RISCV_Processor.vhd Line: 19
    Warning (15610): No output dependent on input pin "iInstAddr[21]" File: /home/umhaihl/cpre_381/Labs/lab3/software-pipelined/proj/src/TopLevel/RISCV_Processor.vhd Line: 19
    Warning (15610): No output dependent on input pin "iInstAddr[22]" File: /home/umhaihl/cpre_381/Labs/lab3/software-pipelined/proj/src/TopLevel/RISCV_Processor.vhd Line: 19
    Warning (15610): No output dependent on input pin "iInstAddr[23]" File: /home/umhaihl/cpre_381/Labs/lab3/software-pipelined/proj/src/TopLevel/RISCV_Processor.vhd Line: 19
    Warning (15610): No output dependent on input pin "iInstAddr[24]" File: /home/umhaihl/cpre_381/Labs/lab3/software-pipelined/proj/src/TopLevel/RISCV_Processor.vhd Line: 19
    Warning (15610): No output dependent on input pin "iInstAddr[25]" File: /home/umhaihl/cpre_381/Labs/lab3/software-pipelined/proj/src/TopLevel/RISCV_Processor.vhd Line: 19
    Warning (15610): No output dependent on input pin "iInstAddr[26]" File: /home/umhaihl/cpre_381/Labs/lab3/software-pipelined/proj/src/TopLevel/RISCV_Processor.vhd Line: 19
    Warning (15610): No output dependent on input pin "iInstAddr[27]" File: /home/umhaihl/cpre_381/Labs/lab3/software-pipelined/proj/src/TopLevel/RISCV_Processor.vhd Line: 19
    Warning (15610): No output dependent on input pin "iInstAddr[28]" File: /home/umhaihl/cpre_381/Labs/lab3/software-pipelined/proj/src/TopLevel/RISCV_Processor.vhd Line: 19
    Warning (15610): No output dependent on input pin "iInstAddr[29]" File: /home/umhaihl/cpre_381/Labs/lab3/software-pipelined/proj/src/TopLevel/RISCV_Processor.vhd Line: 19
    Warning (15610): No output dependent on input pin "iInstAddr[30]" File: /home/umhaihl/cpre_381/Labs/lab3/software-pipelined/proj/src/TopLevel/RISCV_Processor.vhd Line: 19
    Warning (15610): No output dependent on input pin "iInstAddr[31]" File: /home/umhaihl/cpre_381/Labs/lab3/software-pipelined/proj/src/TopLevel/RISCV_Processor.vhd Line: 19
Info (21057): Implemented 59404 device resources after synthesis - the final resource count might be different
    Info (21058): Implemented 67 input pins
    Info (21059): Implemented 32 output pins
    Info (21061): Implemented 59273 logic cells
    Info (21064): Implemented 32 RAM segments
Info: Quartus Prime Analysis & Synthesis was successful. 0 errors, 51 warnings
    Info: Peak virtual memory: 1047 megabytes
    Info: Processing ended: Tue Apr 14 16:14:22 2026
    Info: Elapsed time: 00:01:54
    Info: Total CPU time (on all processors): 00:01:47
Info: *******************************************************************
Info: Running Quartus Prime Fitter
    Info: Version 20.1.1 Build 720 11/11/2020 SJ Standard Edition
    Info: Copyright (C) 2020  Intel Corporation. All rights reserved.
    Info: Your use of Intel Corporation's design tools, logic functions 
    Info: and other software and tools, and any partner logic 
    Info: functions, and any output files from any of the foregoing 
    Info: (including device programming or simulation files), and any 
    Info: associated documentation or information are expressly subject 
    Info: to the terms and conditions of the Intel Program License 
    Info: Subscription Agreement, the Intel Quartus Prime License Agreement,
    Info: the Intel FPGA IP License Agreement, or other applicable license
    Info: agreement, including, without limitation, that your use is for
    Info: the sole purpose of programming logic devices manufactured by
    Info: Intel and sold by Intel or its authorized distributors.  Please
    Info: refer to the applicable agreement for further details, at
    Info: https://fpgasoftware.intel.com/eula.
    Info: Processing started: Tue Apr 14 16:14:23 2026
Info: Command: quartus_fit --read_settings_files=on --write_settings_files=off toolflow -c toolflow
Info: qfit2_default_script.tcl version: #1
Info: Project  = toolflow
Info: Revision = toolflow
Info (16303): Aggressive Performance optimization mode selected -- timing performance will be prioritized at the potential cost of increased logic area and compilation time
Warning (18236): Number of processors has not been specified which may cause overloading on shared machines.  Set the global assignment NUM_PARALLEL_PROCESSORS in your QSF to an appropriate value for best performance.
Info (20030): Parallel compilation is enabled and will use 4 of the 4 processors detected
Info (119006): Selected device EP4CE115F29C7 for design "toolflow"
Info (21076): High junction temperature operating condition is not set. Assuming a default value of '85'.
Info (21076): Low junction temperature operating condition is not set. Assuming a default value of '0'.
Info (171004): Fitter is performing a Standard Fit compilation using maximum Fitter effort to optimize design performance
Info (176444): Device migration not selected. If you intend to use device migration later, you may need to change the pin assignments as they may be incompatible with other devices
    Info (176445): Device EP4CE40F29C7 is compatible
    Info (176445): Device EP4CE40F29I7 is compatible
    Info (176445): Device EP4CE30F29C7 is compatible
    Info (176445): Device EP4CE30F29I7 is compatible
    Info (176445): Device EP4CE55F29C7 is compatible
    Info (176445): Device EP4CE55F29I7 is compatible
    Info (176445): Device EP4CE75F29C7 is compatible
    Info (176445): Device EP4CE75F29I7 is compatible
    Info (176445): Device EP4CE115F29I7 is compatible
Info (169124): Fitter converted 5 user pins into dedicated programming pins
    Info (169125): Pin ~ALTERA_ASDO_DATA1~ is reserved at location F4
    Info (169125): Pin ~ALTERA_FLASH_nCE_nCSO~ is reserved at location E2
    Info (169125): Pin ~ALTERA_DCLK~ is reserved at location P3
    Info (169125): Pin ~ALTERA_DATA0~ is reserved at location N7
    Info (169125): Pin ~ALTERA_nCEO~ is reserved at location P28
Warning (15714): Some pins have incomplete I/O assignments. Refer to the I/O Assignment Warnings report for details
Info (176045): Design uses memory blocks. Violating setup or hold times of memory block address registers for either read or write operations could cause memory contents to be corrupted. Make sure that all memory block address registers meet the setup and hold time requirements.
Critical Warning (169085): No exact pin location assignment(s) for 99 pins of 99 total pins. For the list of pins please refer to the I/O Assignment Warnings table in the fitter report.
Info (332104): Reading SDC File: 'toolflow.sdc'
Info (332129): Detected timing requirements -- optimizing circuit to achieve only the specified requirements
Info (332111): Found 1 clocks
    Info (332111):   Period   Clock Name
    Info (332111): ======== ============
    Info (332111):   20.000         iCLK
Info (176353): Automatically promoted node iCLK~input (placed in PIN J1 (CLK1, DIFFCLK_0n)) File: /home/umhaihl/cpre_381/Labs/lab3/software-pipelined/proj/src/TopLevel/RISCV_Processor.vhd Line: 16
    Info (176355): Automatically promoted destinations to use location or clock signal Global Clock CLKCTRL_G2
Info (176353): Automatically promoted node iRST~input (placed in PIN Y2 (CLK2, DIFFCLK_1p)) File: /home/umhaihl/cpre_381/Labs/lab3/software-pipelined/proj/src/TopLevel/RISCV_Processor.vhd Line: 17
    Info (176355): Automatically promoted destinations to use location or clock signal Global Clock CLKCTRL_G4
Info (176233): Starting register packing
Info (176235): Finished register packing
    Extra Info (176219): No registers were packed into other blocks
Info (176214): Statistics of I/O pins that need to be placed that use the same VCCIO and VREF, before I/O pin placement
    Info (176211): Number of I/O pins in group: 97 (unused VREF, 2.5V VCCIO, 65 input, 32 output, 0 bidirectional)
        Info (176212): I/O standards used: 2.5 V.
Info (176215): I/O bank details before I/O pin placement
    Info (176214): Statistics of I/O banks
        Info (176213): I/O bank number 1 does not use VREF pins and has undetermined VCCIO pins. 5 total pin(s) used --  51 pins available
        Info (176213): I/O bank number 2 does not use VREF pins and has undetermined VCCIO pins. 1 total pin(s) used --  62 pins available
        Info (176213): I/O bank number 3 does not use VREF pins and has undetermined VCCIO pins. 0 total pin(s) used --  73 pins available
        Info (176213): I/O bank number 4 does not use VREF pins and has undetermined VCCIO pins. 0 total pin(s) used --  71 pins available
        Info (176213): I/O bank number 5 does not use VREF pins and has undetermined VCCIO pins. 0 total pin(s) used --  65 pins available
        Info (176213): I/O bank number 6 does not use VREF pins and has undetermined VCCIO pins. 1 total pin(s) used --  57 pins available
        Info (176213): I/O bank number 7 does not use VREF pins and has undetermined VCCIO pins. 0 total pin(s) used --  72 pins available
        Info (176213): I/O bank number 8 does not use VREF pins and has undetermined VCCIO pins. 0 total pin(s) used --  71 pins available
Info (128000): Starting physical synthesis optimizations for speed
Info (128001): Physical synthesis optimizations for speed complete: elapsed time is 00:00:06
Info (171121): Fitter preparation operations ending: elapsed time is 00:00:42
Info (14896): Fitter has disabled Advanced Physical Optimization because it is not supported for the current family.
Info (170189): Fitter placement preparation operations beginning
Info (170190): Fitter placement preparation operations ending: elapsed time is 00:00:12
Info (170191): Fitter placement operations beginning
Info (170137): Fitter placement was successful
Info (170192): Fitter placement operations ending: elapsed time is 00:03:07
Info (170193): Fitter routing operations beginning
Info (170195): Router estimated average interconnect usage is 12% of the available device resources
    Info (170196): Router estimated peak interconnect usage is 31% of the available device resources in the region that extends from location X23_Y49 to location X33_Y60
Info (170194): Fitter routing operations ending: elapsed time is 00:06:58
Info (11888): Total time spent on timing analysis during the Fitter is 26.36 seconds.
Info (334003): Started post-fitting delay annotation
Info (334004): Delay annotation completed successfully
Info (334003): Started post-fitting delay annotation
Info (334004): Delay annotation completed successfully
Info (11218): Fitter post-fit operations ending: elapsed time is 00:00:14
Info (144001): Generated suppressed messages file /home/umhaihl/cpre_381/Labs/lab3/software-pipelined/internal/QuartusWork/output_files/toolflow.fit.smsg
Info: Quartus Prime Fitter was successful. 0 errors, 3 warnings
    Info: Peak virtual memory: 1933 megabytes
    Info: Processing ended: Tue Apr 14 16:26:14 2026
    Info: Elapsed time: 00:11:51
    Info: Total CPU time (on all processors): 00:18:06
Info: *******************************************************************
Info: Running Quartus Prime Assembler
    Info: Version 20.1.1 Build 720 11/11/2020 SJ Standard Edition
    Info: Copyright (C) 2020  Intel Corporation. All rights reserved.
    Info: Your use of Intel Corporation's design tools, logic functions 
    Info: and other software and tools, and any partner logic 
    Info: functions, and any output files from any of the foregoing 
    Info: (including device programming or simulation files), and any 
    Info: associated documentation or information are expressly subject 
    Info: to the terms and conditions of the Intel Program License 
    Info: Subscription Agreement, the Intel Quartus Prime License Agreement,
    Info: the Intel FPGA IP License Agreement, or other applicable license
    Info: agreement, including, without limitation, that your use is for
    Info: the sole purpose of programming logic devices manufactured by
    Info: Intel and sold by Intel or its authorized distributors.  Please
    Info: refer to the applicable agreement for further details, at
    Info: https://fpgasoftware.intel.com/eula.
    Info: Processing started: Tue Apr 14 16:26:18 2026
Info: Command: quartus_asm --read_settings_files=on --write_settings_files=off toolflow -c toolflow
Warning (18236): Number of processors has not been specified which may cause overloading on shared machines.  Set the global assignment NUM_PARALLEL_PROCESSORS in your QSF to an appropriate value for best performance.
Info (115031): Writing out detailed assembly data for power analysis
Info (115030): Assembler is generating device programming files
Info: Quartus Prime Assembler was successful. 0 errors, 1 warning
    Info: Peak virtual memory: 713 megabytes
    Info: Processing ended: Tue Apr 14 16:26:24 2026
    Info: Elapsed time: 00:00:06
    Info: Total CPU time (on all processors): 00:00:05
